<?xml version="1.0" encoding="UTF-8" ?>
<testsuite tests="1" failures="0" name="nearsoft.academy.bigdata.recommendation.MovieRecommenderTest" time="0.023" errors="1" skipped="0">
  <properties>
    <property name="java.runtime.name" value="OpenJDK Runtime Environment"/>
    <property name="java.vm.version" value="15.0.2+7"/>
    <property name="sun.boot.library.path" value="/usr/local/Cellar/openjdk/15.0.2/libexec/openjdk.jdk/Contents/Home/lib"/>
    <property name="maven.multiModuleProjectDirectory" value="/Users/martin.bracamonte/Documents/Martin/Academy/RecommenderApp/academy-exercises"/>
    <property name="java.vm.vendor" value="Oracle Corporation"/>
    <property name="java.vendor.url" value="https://openjdk.java.net/"/>
    <property name="guice.disable.misplaced.annotation.check" value="true"/>
    <property name="path.separator" value=":"/>
    <property name="java.vm.name" value="OpenJDK 64-Bit Server VM"/>
    <property name="user.country" value="US"/>
    <property name="sun.java.launcher" value="SUN_STANDARD"/>
    <property name="java.vm.specification.name" value="Java Virtual Machine Specification"/>
    <property name="user.dir" value="/Users/martin.bracamonte/Documents/Martin/Academy/RecommenderApp/academy-exercises"/>
    <property name="java.vm.compressedOopsMode" value="Zero based"/>
    <property name="java.runtime.version" value="15.0.2+7"/>
    <property name="os.arch" value="x86_64"/>
    <property name="java.io.tmpdir" value="/var/folders/jk/c9f_l9px57b809zppb77_qz80000gp/T/"/>
    <property name="line.separator" value="
"/>
    <property name="java.vm.specification.vendor" value="Oracle Corporation"/>
    <property name="os.name" value="Mac OS X"/>
    <property name="classworlds.conf" value="/usr/local/Cellar/maven/3.8.1/libexec/bin/m2.conf"/>
    <property name="sun.jnu.encoding" value="UTF-8"/>
    <property name="java.library.path" value="/Users/martin.bracamonte/Library/Java/Extensions:/Library/Java/Extensions:/Network/Library/Java/Extensions:/System/Library/Java/Extensions:/usr/lib/java:."/>
    <property name="maven.conf" value="/usr/local/Cellar/maven/3.8.1/libexec/conf"/>
    <property name="jdk.debug" value="release"/>
    <property name="java.class.version" value="59.0"/>
    <property name="java.specification.name" value="Java Platform API Specification"/>
    <property name="sun.management.compiler" value="HotSpot 64-Bit Tiered Compilers"/>
    <property name="os.version" value="11.2.3"/>
    <property name="library.jansi.path" value="/usr/local/Cellar/maven/3.8.1/libexec/lib/jansi-native"/>
    <property name="http.nonProxyHosts" value="local|*.local|169.254/16|*.169.254/16"/>
    <property name="user.home" value="/Users/martin.bracamonte"/>
    <property name="user.timezone" value="America/Hermosillo"/>
    <property name="file.encoding" value="UTF-8"/>
    <property name="java.specification.version" value="15"/>
    <property name="user.name" value="martin.bracamonte"/>
    <property name="java.class.path" value="/usr/local/Cellar/maven/3.8.1/libexec/boot/plexus-classworlds-2.6.0.jar"/>
    <property name="java.vm.specification.version" value="15"/>
    <property name="sun.arch.data.model" value="64"/>
    <property name="sun.java.command" value="org.codehaus.plexus.classworlds.launcher.Launcher test"/>
    <property name="java.home" value="/usr/local/Cellar/openjdk/15.0.2/libexec/openjdk.jdk/Contents/Home"/>
    <property name="user.language" value="en"/>
    <property name="java.specification.vendor" value="Oracle Corporation"/>
    <property name="java.vm.info" value="mixed mode, sharing"/>
    <property name="java.version" value="15.0.2"/>
    <property name="java.vendor" value="N/A"/>
    <property name="maven.home" value="/usr/local/Cellar/maven/3.8.1/libexec"/>
    <property name="file.separator" value="/"/>
    <property name="java.version.date" value="2021-01-19"/>
    <property name="java.vendor.url.bug" value="https://bugreport.java.com/bugreport/"/>
    <property name="sun.io.unicode.encoding" value="UnicodeBig"/>
    <property name="sun.cpu.endian" value="little"/>
    <property name="socksNonProxyHosts" value="local|*.local|169.254/16|*.169.254/16"/>
    <property name="ftp.nonProxyHosts" value="local|*.local|169.254/16|*.169.254/16"/>
  </properties>
  <testcase classname="nearsoft.academy.bigdata.recommendation.MovieRecommenderTest" name="testDataInfo" time="0.023">
    <error message="movies.csv" type="java.io.FileNotFoundException">java.io.FileNotFoundException: movies.csv
	at org.apache.mahout.cf.taste.impl.model.file.FileDataModel.&lt;init&gt;(FileDataModel.java:182)
	at org.apache.mahout.cf.taste.impl.model.file.FileDataModel.&lt;init&gt;(FileDataModel.java:169)
	at org.apache.mahout.cf.taste.impl.model.file.FileDataModel.&lt;init&gt;(FileDataModel.java:149)
	at nearsoft.academy.bigdata.recommendation.MovieRecommender.getRecommendationsForUser(MovieRecommender.java:61)
	at nearsoft.academy.bigdata.recommendation.MovieRecommenderTest.testDataInfo(MovieRecommenderTest.java:24)
	at java.base/jdk.internal.reflect.NativeMethodAccessorImpl.invoke0(Native Method)
	at java.base/jdk.internal.reflect.NativeMethodAccessorImpl.invoke(NativeMethodAccessorImpl.java:64)
	at java.base/jdk.internal.reflect.DelegatingMethodAccessorImpl.invoke(DelegatingMethodAccessorImpl.java:43)
	at java.base/java.lang.reflect.Method.invoke(Method.java:564)
	at org.junit.runners.model.FrameworkMethod$1.runReflectiveCall(FrameworkMethod.java:44)
	at org.junit.internal.runners.model.ReflectiveCallable.run(ReflectiveCallable.java:15)
	at org.junit.runners.model.FrameworkMethod.invokeExplosively(FrameworkMethod.java:41)
	at org.junit.internal.runners.statements.InvokeMethod.evaluate(InvokeMethod.java:20)
	at org.junit.runners.BlockJUnit4ClassRunner.runChild(BlockJUnit4ClassRunner.java:76)
	at org.junit.runners.BlockJUnit4ClassRunner.runChild(BlockJUnit4ClassRunner.java:50)
	at org.junit.runners.ParentRunner$3.run(ParentRunner.java:193)
	at org.junit.runners.ParentRunner$1.schedule(ParentRunner.java:52)
	at org.junit.runners.ParentRunner.runChildren(ParentRunner.java:191)
	at org.junit.runners.ParentRunner.access$000(ParentRunner.java:42)
	at org.junit.runners.ParentRunner$2.evaluate(ParentRunner.java:184)
	at org.junit.runners.ParentRunner.run(ParentRunner.java:236)
	at org.apache.maven.surefire.junit4.JUnit4Provider.execute(JUnit4Provider.java:252)
	at org.apache.maven.surefire.junit4.JUnit4Provider.executeTestSet(JUnit4Provider.java:141)
	at org.apache.maven.surefire.junit4.JUnit4Provider.invoke(JUnit4Provider.java:112)
	at java.base/jdk.internal.reflect.NativeMethodAccessorImpl.invoke0(Native Method)
	at java.base/jdk.internal.reflect.NativeMethodAccessorImpl.invoke(NativeMethodAccessorImpl.java:64)
	at java.base/jdk.internal.reflect.DelegatingMethodAccessorImpl.invoke(DelegatingMethodAccessorImpl.java:43)
	at java.base/java.lang.reflect.Method.invoke(Method.java:564)
	at org.apache.maven.surefire.util.ReflectionUtils.invokeMethodWithArray(ReflectionUtils.java:189)
	at org.apache.maven.surefire.booter.ProviderFactory$ProviderProxy.invoke(ProviderFactory.java:165)
	at org.apache.maven.surefire.booter.ProviderFactory.invokeProvider(ProviderFactory.java:85)
	at org.apache.maven.surefire.booter.ForkedBooter.runSuitesInProcess(ForkedBooter.java:115)
	at org.apache.maven.surefire.booter.ForkedBooter.main(ForkedBooter.java:75)
</error>
    <system-out>/Users/martin.bracamonte/Documents/Martin/Academy/RecommenderApp/academy-exercises
product/productId: B003AI2VGA
review/userId: A141HP4LYPWMSR
review/profileName: Brian E. Erland &quot;Rainbow Sphinx&quot;
review/helpfulness: 7/7
review/score: 3.0
review/time: 1182729600
review/summary: &quot;There Is So Much Darkness Now ~ Come For The Miracle&quot;
review/text: Synopsis: On the daily trek from Juarez, Mexico to El Paso, Texas an ever increasing number of female workers are found raped and murdered in the surrounding desert. Investigative reporter Karina Danes (Minnie Driver) arrives from Los Angeles to pursue the story and angers both the local police and the factory owners who employee the undocumented aliens with her pointed questions and relentless quest for the truth.&lt;br /&gt;&lt;br /&gt;Her story goes nationwide when a young girl named Mariela (Ana Claudia Talancon) survives a vicious attack and walks out of the desert crediting the Blessed Virgin for her rescue. Her story is further enhanced when the &quot;Wounds of Christ&quot; (stigmata) appear in her palms. She also claims to have received a message of hope for the Virgin Mary and soon a fanatical movement forms around her to fight against the evil that holds such a stranglehold on the area.&lt;br /&gt;&lt;br /&gt;Critique: Possessing a lifelong fascination with such esoteric matters as Catholic mysticism, miracles and the mysterious appearance of the stigmata, I was immediately attracted to the &apos;05 DVD release `Virgin of Juarez&apos;.

product/productId: B0002O7Y8U
review/userId: A141HP4LYPWMSA
review/profileName: Brian E. Erland &quot;Rainbow Sphinx&quot;
review/helpfulness: 7/7
review/score: 3.0
review/time: 1182729600
review/summary: &quot;There Is So Much Darkness Now ~ Come For The Miracle&quot;
review/text: Synopsis: On the daily trek from Juarez, Mexico to El Paso, Texas an ever increasing number of female workers are found raped and murdered in the surrounding desert. Investigative reporter Karina Danes (Minnie Driver) arrives from Los Angeles to pursue the story and angers both the local police and the factory owners who employee the undocumented aliens with her pointed questions and relentless quest for the truth.&lt;br /&gt;&lt;br /&gt;Her story goes nationwide when a young girl named Mariela (Ana Claudia Talancon) survives a vicious attack and walks out of the desert crediting the Blessed Virgin for her rescue. Her story is further enhanced when the &quot;Wounds of Christ&quot; (stigmata) appear in her palms. She also claims to have received a message of hope for the Virgin Mary and soon a fanatical movement forms around her to fight against the evil that holds such a stranglehold on the area.&lt;br /&gt;&lt;br /&gt;Critique: Possessing a lifelong fascination with such esoteric matters as Catholic mysticism, miracles and the mysterious appearance of the stigmata, I was immediately attracted to the &apos;05 DVD release `Virgin of Juarez&apos;.

product/productId: B00004CQTF
review/userId: A141HP4LYPWMSB
review/profileName: Brian E. Erland &quot;Rainbow Sphinx&quot;
review/helpfulness: 7/7
review/score: 3.0
review/time: 1182729600
review/summary: &quot;There Is So Much Darkness Now ~ Come For The Miracle&quot;
review/text: Synopsis: On the daily trek from Juarez, Mexico to El Paso, Texas an ever increasing number of female workers are found raped and murdered in the surrounding desert. Investigative reporter Karina Danes (Minnie Driver) arrives from Los Angeles to pursue the story and angers both the local police and the factory owners who employee the undocumented aliens with her pointed questions and relentless quest for the truth.&lt;br /&gt;&lt;br /&gt;Her story goes nationwide when a young girl named Mariela (Ana Claudia Talancon) survives a vicious attack and walks out of the desert crediting the Blessed Virgin for her rescue. Her story is further enhanced when the &quot;Wounds of Christ&quot; (stigmata) appear in her palms. She also claims to have received a message of hope for the Virgin Mary and soon a fanatical movement forms around her to fight against the evil that holds such a stranglehold on the area.&lt;br /&gt;&lt;br /&gt;Critique: Possessing a lifelong fascination with such esoteric matters as Catholic mysticism, miracles and the mysterious appearance of the stigmata, I was immediately attracted to the &apos;05 DVD release `Virgin of Juarez&apos;.

product/productId: B000063W82
review/userId: A141HP4LYPWMSC
review/profileName: Brian E. Erland &quot;Rainbow Sphinx&quot;
review/helpfulness: 7/7
review/score: 3.0
review/time: 1182729600
review/summary: &quot;There Is So Much Darkness Now ~ Come For The Miracle&quot;
review/text: Synopsis: On the daily trek from Juarez, Mexico to El Paso, Texas an ever increasing number of female workers are found raped and murdered in the surrounding desert. Investigative reporter Karina Danes (Minnie Driver) arrives from Los Angeles to pursue the story and angers both the local police and the factory owners who employee the undocumented aliens with her pointed questions and relentless quest for the truth.&lt;br /&gt;&lt;br /&gt;Her story goes nationwide when a young girl named Mariela (Ana Claudia Talancon) survives a vicious attack and walks out of the desert crediting the Blessed Virgin for her rescue. Her story is further enhanced when the &quot;Wounds of Christ&quot; (stigmata) appear in her palms. She also claims to have received a message of hope for the Virgin Mary and soon a fanatical movement forms around her to fight against the evil that holds such a stranglehold on the area.&lt;br /&gt;&lt;br /&gt;Critique: Possessing a lifelong fascination with such esoteric matters as Catholic mysticism, miracles and the mysterious appearance of the stigmata, I was immediately attracted to the &apos;05 DVD release `Virgin of Juarez&apos;.

product/productId: B003AI4GH6
review/userId: A141HP4LYPWMSD
review/profileName: Brian E. Erland &quot;Rainbow Sphinx&quot;
review/helpfulness: 7/7
review/score: 3.0
review/time: 1182729600
review/summary: &quot;There Is So Much Darkness Now ~ Come For The Miracle&quot;
review/text: Synopsis: On the daily trek from Juarez, Mexico to El Paso, Texas an ever increasing number of female workers are found raped and murdered in the surrounding desert. Investigative reporter Karina Danes (Minnie Driver) arrives from Los Angeles to pursue the story and angers both the local police and the factory owners who employee the undocumented aliens with her pointed questions and relentless quest for the truth.&lt;br /&gt;&lt;br /&gt;Her story goes nationwide when a young girl named Mariela (Ana Claudia Talancon) survives a vicious attack and walks out of the desert crediting the Blessed Virgin for her rescue. Her story is further enhanced when the &quot;Wounds of Christ&quot; (stigmata) appear in her palms. She also claims to have received a message of hope for the Virgin Mary and soon a fanatical movement forms around her to fight against the evil that holds such a stranglehold on the area.&lt;br /&gt;&lt;br /&gt;Critique: Possessing a lifelong fascination with such esoteric matters as Catholic mysticism, miracles and the mysterious appearance of the stigmata, I was immediately attracted to the &apos;05 DVD release `Virgin of Juarez&apos;.
</system-out>
    <system-err>SLF4J: Failed to load class &quot;org.slf4j.impl.StaticLoggerBinder&quot;.
SLF4J: Defaulting to no-operation (NOP) logger implementation
SLF4J: See http://www.slf4j.org/codes.html#StaticLoggerBinder for further details.
</system-err>
  </testcase>
</testsuite>